{"level":"error","message":"Could not find any genre Could not find any genre","stack":"Error: Could not find any genre\n    at C:\\Users\\User\\projects\\Backend-prjects\\express-demo\\routes\\genres.js:10:11\n    at C:\\Users\\User\\projects\\Backend-prjects\\express-demo\\middleware\\async.js:5:19\n    at Layer.handle [as handle_request] (C:\\Users\\User\\projects\\Backend-prjects\\express-demo\\node_modules\\express\\lib\\router\\layer.js:95:5)\n    at next (C:\\Users\\User\\projects\\Backend-prjects\\express-demo\\node_modules\\express\\lib\\router\\route.js:149:13)\n    at Route.dispatch (C:\\Users\\User\\projects\\Backend-prjects\\express-demo\\node_modules\\express\\lib\\router\\route.js:119:3)\n    at Layer.handle [as handle_request] (C:\\Users\\User\\projects\\Backend-prjects\\express-demo\\node_modules\\express\\lib\\router\\layer.js:95:5)\n    at C:\\Users\\User\\projects\\Backend-prjects\\express-demo\\node_modules\\express\\lib\\router\\index.js:284:15\n    at Function.process_params (C:\\Users\\User\\projects\\Backend-prjects\\express-demo\\node_modules\\express\\lib\\router\\index.js:346:12)\n    at next (C:\\Users\\User\\projects\\Backend-prjects\\express-demo\\node_modules\\express\\lib\\router\\index.js:280:10)\n    at Function.handle (C:\\Users\\User\\projects\\Backend-prjects\\express-demo\\node_modules\\express\\lib\\router\\index.js:175:3)"}
{"level":"error","message":"Cannot log to file without filename or stream. Cannot log to file without filename or stream.","stack":"Error: Cannot log to file without filename or stream.\n    at new File (C:\\Users\\User\\projects\\Backend-prjects\\express-demo\\node_modules\\winston\\lib\\winston\\transports\\file.js:73:13)\n    at C:\\Users\\User\\projects\\Backend-prjects\\express-demo\\startup\\db.js:6:29\n    at process.processTicksAndRejections (node:internal/process/task_queues:95:5)"}
{"level":"error","message":"Could not find any genre Could not find any genre","stack":"Error: Could not find any genre\n    at C:\\Users\\User\\projects\\Backend-prjects\\express-demo\\routes\\genres.js:10:11\n    at C:\\Users\\User\\projects\\Backend-prjects\\express-demo\\middleware\\async.js:5:19\n    at Layer.handle [as handle_request] (C:\\Users\\User\\projects\\Backend-prjects\\express-demo\\node_modules\\express\\lib\\router\\layer.js:95:5)\n    at next (C:\\Users\\User\\projects\\Backend-prjects\\express-demo\\node_modules\\express\\lib\\router\\route.js:149:13)\n    at Route.dispatch (C:\\Users\\User\\projects\\Backend-prjects\\express-demo\\node_modules\\express\\lib\\router\\route.js:119:3)\n    at Layer.handle [as handle_request] (C:\\Users\\User\\projects\\Backend-prjects\\express-demo\\node_modules\\express\\lib\\router\\layer.js:95:5)\n    at C:\\Users\\User\\projects\\Backend-prjects\\express-demo\\node_modules\\express\\lib\\router\\index.js:284:15\n    at Function.process_params (C:\\Users\\User\\projects\\Backend-prjects\\express-demo\\node_modules\\express\\lib\\router\\index.js:346:12)\n    at next (C:\\Users\\User\\projects\\Backend-prjects\\express-demo\\node_modules\\express\\lib\\router\\index.js:280:10)\n    at Function.handle (C:\\Users\\User\\projects\\Backend-prjects\\express-demo\\node_modules\\express\\lib\\router\\index.js:175:3)"}
{"level":"info","message":"Server started on port 3000..."}
{"level":"info","message":"Server started on port 3000..."}
{"level":"error","message":"Could not find any genre Could not find any genre","stack":"Error: Could not find any genre\n    at C:\\Users\\User\\projects\\Backend-prjects\\express-demo\\routes\\genres.js:10:11\n    at C:\\Users\\User\\projects\\Backend-prjects\\express-demo\\middleware\\async.js:5:19\n    at Layer.handle [as handle_request] (C:\\Users\\User\\projects\\Backend-prjects\\express-demo\\node_modules\\express\\lib\\router\\layer.js:95:5)\n    at next (C:\\Users\\User\\projects\\Backend-prjects\\express-demo\\node_modules\\express\\lib\\router\\route.js:149:13)\n    at Route.dispatch (C:\\Users\\User\\projects\\Backend-prjects\\express-demo\\node_modules\\express\\lib\\router\\route.js:119:3)\n    at Layer.handle [as handle_request] (C:\\Users\\User\\projects\\Backend-prjects\\express-demo\\node_modules\\express\\lib\\router\\layer.js:95:5)\n    at C:\\Users\\User\\projects\\Backend-prjects\\express-demo\\node_modules\\express\\lib\\router\\index.js:284:15\n    at Function.process_params (C:\\Users\\User\\projects\\Backend-prjects\\express-demo\\node_modules\\express\\lib\\router\\index.js:346:12)\n    at next (C:\\Users\\User\\projects\\Backend-prjects\\express-demo\\node_modules\\express\\lib\\router\\index.js:280:10)\n    at Function.handle (C:\\Users\\User\\projects\\Backend-prjects\\express-demo\\node_modules\\express\\lib\\router\\index.js:175:3)"}
{"level":"info","message":"Server started on port 3000..."}
{"level":"error","message":"Could not find any genre Could not find any genre","stack":"Error: Could not find any genre\n    at C:\\Users\\User\\projects\\Backend-prjects\\express-demo\\routes\\genres.js:10:11\n    at C:\\Users\\User\\projects\\Backend-prjects\\express-demo\\middleware\\async.js:5:19\n    at Layer.handle [as handle_request] (C:\\Users\\User\\projects\\Backend-prjects\\express-demo\\node_modules\\express\\lib\\router\\layer.js:95:5)\n    at next (C:\\Users\\User\\projects\\Backend-prjects\\express-demo\\node_modules\\express\\lib\\router\\route.js:149:13)\n    at Route.dispatch (C:\\Users\\User\\projects\\Backend-prjects\\express-demo\\node_modules\\express\\lib\\router\\route.js:119:3)\n    at Layer.handle [as handle_request] (C:\\Users\\User\\projects\\Backend-prjects\\express-demo\\node_modules\\express\\lib\\router\\layer.js:95:5)\n    at C:\\Users\\User\\projects\\Backend-prjects\\express-demo\\node_modules\\express\\lib\\router\\index.js:284:15\n    at Function.process_params (C:\\Users\\User\\projects\\Backend-prjects\\express-demo\\node_modules\\express\\lib\\router\\index.js:346:12)\n    at next (C:\\Users\\User\\projects\\Backend-prjects\\express-demo\\node_modules\\express\\lib\\router\\index.js:280:10)\n    at Function.handle (C:\\Users\\User\\projects\\Backend-prjects\\express-demo\\node_modules\\express\\lib\\router\\index.js:175:3)"}
{"level":"info","message":"Server started on port 3000..."}
{"level":"error","message":"Could not find any genre Could not find any genre","stack":"Error: Could not find any genre\n    at C:\\Users\\User\\projects\\Backend-prjects\\express-demo\\routes\\genres.js:10:11\n    at C:\\Users\\User\\projects\\Backend-prjects\\express-demo\\middleware\\async.js:5:19\n    at Layer.handle [as handle_request] (C:\\Users\\User\\projects\\Backend-prjects\\express-demo\\node_modules\\express\\lib\\router\\layer.js:95:5)\n    at next (C:\\Users\\User\\projects\\Backend-prjects\\express-demo\\node_modules\\express\\lib\\router\\route.js:149:13)\n    at Route.dispatch (C:\\Users\\User\\projects\\Backend-prjects\\express-demo\\node_modules\\express\\lib\\router\\route.js:119:3)\n    at Layer.handle [as handle_request] (C:\\Users\\User\\projects\\Backend-prjects\\express-demo\\node_modules\\express\\lib\\router\\layer.js:95:5)\n    at C:\\Users\\User\\projects\\Backend-prjects\\express-demo\\node_modules\\express\\lib\\router\\index.js:284:15\n    at Function.process_params (C:\\Users\\User\\projects\\Backend-prjects\\express-demo\\node_modules\\express\\lib\\router\\index.js:346:12)\n    at next (C:\\Users\\User\\projects\\Backend-prjects\\express-demo\\node_modules\\express\\lib\\router\\index.js:280:10)\n    at Function.handle (C:\\Users\\User\\projects\\Backend-prjects\\express-demo\\node_modules\\express\\lib\\router\\index.js:175:3)"}
{"level":"info","message":"Server started on port 3000..."}
{"level":"error","message":"Could not find any genre Could not find any genre","stack":"Error: Could not find any genre\n    at C:\\Users\\User\\projects\\Backend-prjects\\express-demo\\routes\\genres.js:10:11\n    at C:\\Users\\User\\projects\\Backend-prjects\\express-demo\\middleware\\async.js:5:19\n    at Layer.handle [as handle_request] (C:\\Users\\User\\projects\\Backend-prjects\\express-demo\\node_modules\\express\\lib\\router\\layer.js:95:5)\n    at next (C:\\Users\\User\\projects\\Backend-prjects\\express-demo\\node_modules\\express\\lib\\router\\route.js:149:13)\n    at Route.dispatch (C:\\Users\\User\\projects\\Backend-prjects\\express-demo\\node_modules\\express\\lib\\router\\route.js:119:3)\n    at Layer.handle [as handle_request] (C:\\Users\\User\\projects\\Backend-prjects\\express-demo\\node_modules\\express\\lib\\router\\layer.js:95:5)\n    at C:\\Users\\User\\projects\\Backend-prjects\\express-demo\\node_modules\\express\\lib\\router\\index.js:284:15\n    at Function.process_params (C:\\Users\\User\\projects\\Backend-prjects\\express-demo\\node_modules\\express\\lib\\router\\index.js:346:12)\n    at next (C:\\Users\\User\\projects\\Backend-prjects\\express-demo\\node_modules\\express\\lib\\router\\index.js:280:10)\n    at Function.handle (C:\\Users\\User\\projects\\Backend-prjects\\express-demo\\node_modules\\express\\lib\\router\\index.js:175:3)"}
{"level":"error","message":"Could not find any genre Could not find any genre","stack":"Error: Could not find any genre\n    at C:\\Users\\User\\projects\\Backend-prjects\\express-demo\\routes\\genres.js:10:11\n    at C:\\Users\\User\\projects\\Backend-prjects\\express-demo\\middleware\\async.js:5:19\n    at Layer.handle [as handle_request] (C:\\Users\\User\\projects\\Backend-prjects\\express-demo\\node_modules\\express\\lib\\router\\layer.js:95:5)\n    at next (C:\\Users\\User\\projects\\Backend-prjects\\express-demo\\node_modules\\express\\lib\\router\\route.js:149:13)\n    at Route.dispatch (C:\\Users\\User\\projects\\Backend-prjects\\express-demo\\node_modules\\express\\lib\\router\\route.js:119:3)\n    at Layer.handle [as handle_request] (C:\\Users\\User\\projects\\Backend-prjects\\express-demo\\node_modules\\express\\lib\\router\\layer.js:95:5)\n    at C:\\Users\\User\\projects\\Backend-prjects\\express-demo\\node_modules\\express\\lib\\router\\index.js:284:15\n    at Function.process_params (C:\\Users\\User\\projects\\Backend-prjects\\express-demo\\node_modules\\express\\lib\\router\\index.js:346:12)\n    at next (C:\\Users\\User\\projects\\Backend-prjects\\express-demo\\node_modules\\express\\lib\\router\\index.js:280:10)\n    at Function.handle (C:\\Users\\User\\projects\\Backend-prjects\\express-demo\\node_modules\\express\\lib\\router\\index.js:175:3)"}
{"level":"error","message":"Could not find any genre Could not find any genre","stack":"Error: Could not find any genre\n    at C:\\Users\\User\\projects\\Backend-prjects\\express-demo\\routes\\genres.js:10:11\n    at C:\\Users\\User\\projects\\Backend-prjects\\express-demo\\middleware\\async.js:5:19\n    at Layer.handle [as handle_request] (C:\\Users\\User\\projects\\Backend-prjects\\express-demo\\node_modules\\express\\lib\\router\\layer.js:95:5)\n    at next (C:\\Users\\User\\projects\\Backend-prjects\\express-demo\\node_modules\\express\\lib\\router\\route.js:149:13)\n    at Route.dispatch (C:\\Users\\User\\projects\\Backend-prjects\\express-demo\\node_modules\\express\\lib\\router\\route.js:119:3)\n    at Layer.handle [as handle_request] (C:\\Users\\User\\projects\\Backend-prjects\\express-demo\\node_modules\\express\\lib\\router\\layer.js:95:5)\n    at C:\\Users\\User\\projects\\Backend-prjects\\express-demo\\node_modules\\express\\lib\\router\\index.js:284:15\n    at Function.process_params (C:\\Users\\User\\projects\\Backend-prjects\\express-demo\\node_modules\\express\\lib\\router\\index.js:346:12)\n    at next (C:\\Users\\User\\projects\\Backend-prjects\\express-demo\\node_modules\\express\\lib\\router\\index.js:280:10)\n    at Function.handle (C:\\Users\\User\\projects\\Backend-prjects\\express-demo\\node_modules\\express\\lib\\router\\index.js:175:3)"}
{"level":"error","message":"Could not find any genre Could not find any genre","stack":"Error: Could not find any genre\n    at C:\\Users\\User\\projects\\Backend-prjects\\express-demo\\routes\\genres.js:10:11\n    at C:\\Users\\User\\projects\\Backend-prjects\\express-demo\\middleware\\async.js:5:19\n    at Layer.handle [as handle_request] (C:\\Users\\User\\projects\\Backend-prjects\\express-demo\\node_modules\\express\\lib\\router\\layer.js:95:5)\n    at next (C:\\Users\\User\\projects\\Backend-prjects\\express-demo\\node_modules\\express\\lib\\router\\route.js:149:13)\n    at Route.dispatch (C:\\Users\\User\\projects\\Backend-prjects\\express-demo\\node_modules\\express\\lib\\router\\route.js:119:3)\n    at Layer.handle [as handle_request] (C:\\Users\\User\\projects\\Backend-prjects\\express-demo\\node_modules\\express\\lib\\router\\layer.js:95:5)\n    at C:\\Users\\User\\projects\\Backend-prjects\\express-demo\\node_modules\\express\\lib\\router\\index.js:284:15\n    at Function.process_params (C:\\Users\\User\\projects\\Backend-prjects\\express-demo\\node_modules\\express\\lib\\router\\index.js:346:12)\n    at next (C:\\Users\\User\\projects\\Backend-prjects\\express-demo\\node_modules\\express\\lib\\router\\index.js:280:10)\n    at Function.handle (C:\\Users\\User\\projects\\Backend-prjects\\express-demo\\node_modules\\express\\lib\\router\\index.js:175:3)"}
{"level":"info","message":"Server started on port 3000..."}
{"level":"info","message":"Server started on port 3000..."}
{"level":"info","message":"Server started on port 3000..."}
{"level":"info","message":"Server started on port 3000..."}
{"level":"info","message":"Server started on port 3000..."}
{"level":"info","message":"Server started on port 3000..."}
{"level":"info","message":"Server started on port 3000..."}
{"level":"info","message":"Server started on port 3000..."}
{"level":"info","message":"Server started on port 3000..."}
{"level":"info","message":"Server started on port 3000..."}
{"level":"info","message":"Server started on port 3000..."}
{"level":"info","message":"Server started on port 3000..."}
{"level":"info","message":"Server started on port 3000..."}
{"level":"info","message":"Server started on port 3000..."}
{"level":"info","message":"Server started on port 3000..."}
{"level":"info","message":"Server started on port 3000..."}
{"level":"info","message":"Server started on port 3000..."}
{"level":"info","message":"Server started on port 3000..."}
{"level":"info","message":"Server started on port 3000..."}
{"level":"info","message":"Server started on port 3000..."}
{"level":"info","message":"Server started on port 3000..."}
{"level":"info","message":"Server started on port 3000..."}
{"level":"info","message":"Server started on port 3000..."}
{"level":"info","message":"Server started on port 3000..."}
{"level":"info","message":"Server started on port 3000..."}
{"level":"info","message":"Server started on port 3000..."}
{"level":"info","message":"Server started on port 3000..."}
{"kind":"ObjectId","level":"error","message":"Cast to ObjectId failed for value \"1\" (type string) at path \"_id\" for model \"Genre\" Cast to ObjectId failed for value \"1\" (type string) at path \"_id\" for model \"Genre\"","path":"_id","reason":{},"stack":"CastError: Cast to ObjectId failed for value \"1\" (type string) at path \"_id\" for model \"Genre\"\n    at SchemaObjectId.Object.<anonymous>.SchemaObjectId.cast (C:\\Users\\User\\projects\\Backend-prjects\\express-demo\\node_modules\\mongoose\\lib\\schema\\objectId.js:250:11)\n    at SchemaObjectId.Object.<anonymous>.SchemaType.applySetters (C:\\Users\\User\\projects\\Backend-prjects\\express-demo\\node_modules\\mongoose\\lib\\schemaType.js:1236:12)\n    at SchemaObjectId.Object.<anonymous>.SchemaType.castForQuery (C:\\Users\\User\\projects\\Backend-prjects\\express-demo\\node_modules\\mongoose\\lib\\schemaType.js:1653:17)\n    at cast (C:\\Users\\User\\projects\\Backend-prjects\\express-demo\\node_modules\\mongoose\\lib\\cast.js:375:32)\n    at model.Query.Object.<anonymous>.Query.cast (C:\\Users\\User\\projects\\Backend-prjects\\express-demo\\node_modules\\mongoose\\lib\\query.js:4857:12)\n    at model.Query.Object.<anonymous>.Query._castConditions (C:\\Users\\User\\projects\\Backend-prjects\\express-demo\\node_modules\\mongoose\\lib\\query.js:2265:10)\n    at model.Query._findOne (C:\\Users\\User\\projects\\Backend-prjects\\express-demo\\node_modules\\mongoose\\lib\\query.js:2585:8)\n    at model.Query.exec (C:\\Users\\User\\projects\\Backend-prjects\\express-demo\\node_modules\\mongoose\\lib\\query.js:4401:80)\n    at processTicksAndRejections (node:internal/process/task_queues:95:5)\n    at C:\\Users\\User\\projects\\Backend-prjects\\express-demo\\routes\\genres.js:25:19\n    at C:\\Users\\User\\projects\\Backend-prjects\\express-demo\\middleware\\async.js:5:13","stringValue":"\"1\"","value":"1","valueType":"string"}
{"level":"info","message":"Server started on port 3000..."}
{"kind":"ObjectId","level":"error","message":"Cast to ObjectId failed for value \"1\" (type string) at path \"_id\" for model \"Genre\" Cast to ObjectId failed for value \"1\" (type string) at path \"_id\" for model \"Genre\"","path":"_id","reason":{},"stack":"CastError: Cast to ObjectId failed for value \"1\" (type string) at path \"_id\" for model \"Genre\"\n    at SchemaObjectId.Object.<anonymous>.SchemaObjectId.cast (C:\\Users\\User\\projects\\Backend-prjects\\express-demo\\node_modules\\mongoose\\lib\\schema\\objectId.js:250:11)\n    at SchemaObjectId.Object.<anonymous>.SchemaType.applySetters (C:\\Users\\User\\projects\\Backend-prjects\\express-demo\\node_modules\\mongoose\\lib\\schemaType.js:1236:12)\n    at SchemaObjectId.Object.<anonymous>.SchemaType.castForQuery (C:\\Users\\User\\projects\\Backend-prjects\\express-demo\\node_modules\\mongoose\\lib\\schemaType.js:1653:17)\n    at cast (C:\\Users\\User\\projects\\Backend-prjects\\express-demo\\node_modules\\mongoose\\lib\\cast.js:375:32)\n    at model.Query.Object.<anonymous>.Query.cast (C:\\Users\\User\\projects\\Backend-prjects\\express-demo\\node_modules\\mongoose\\lib\\query.js:4857:12)\n    at model.Query.Object.<anonymous>.Query._castConditions (C:\\Users\\User\\projects\\Backend-prjects\\express-demo\\node_modules\\mongoose\\lib\\query.js:2265:10)\n    at model.Query._findOne (C:\\Users\\User\\projects\\Backend-prjects\\express-demo\\node_modules\\mongoose\\lib\\query.js:2585:8)\n    at model.Query.exec (C:\\Users\\User\\projects\\Backend-prjects\\express-demo\\node_modules\\mongoose\\lib\\query.js:4401:80)\n    at processTicksAndRejections (node:internal/process/task_queues:95:5)\n    at C:\\Users\\User\\projects\\Backend-prjects\\express-demo\\routes\\genres.js:25:19\n    at C:\\Users\\User\\projects\\Backend-prjects\\express-demo\\middleware\\async.js:5:13","stringValue":"\"1\"","value":"1","valueType":"string"}
{"level":"info","message":"Server started on port 3000..."}
{"level":"info","message":"Server started on port 3000..."}
{"level":"info","message":"Server started on port 3000..."}
{"kind":"ObjectId","level":"error","message":"Cast to ObjectId failed for value \"1\" (type string) at path \"_id\" for model \"Genre\" Cast to ObjectId failed for value \"1\" (type string) at path \"_id\" for model \"Genre\"","path":"_id","reason":{},"stack":"CastError: Cast to ObjectId failed for value \"1\" (type string) at path \"_id\" for model \"Genre\"\n    at SchemaObjectId.Object.<anonymous>.SchemaObjectId.cast (C:\\Users\\User\\projects\\Backend-prjects\\express-demo\\node_modules\\mongoose\\lib\\schema\\objectId.js:250:11)\n    at SchemaObjectId.Object.<anonymous>.SchemaType.applySetters (C:\\Users\\User\\projects\\Backend-prjects\\express-demo\\node_modules\\mongoose\\lib\\schemaType.js:1236:12)\n    at SchemaObjectId.Object.<anonymous>.SchemaType.castForQuery (C:\\Users\\User\\projects\\Backend-prjects\\express-demo\\node_modules\\mongoose\\lib\\schemaType.js:1653:17)\n    at cast (C:\\Users\\User\\projects\\Backend-prjects\\express-demo\\node_modules\\mongoose\\lib\\cast.js:375:32)\n    at model.Query.Object.<anonymous>.Query.cast (C:\\Users\\User\\projects\\Backend-prjects\\express-demo\\node_modules\\mongoose\\lib\\query.js:4857:12)\n    at model.Query.Object.<anonymous>.Query._castConditions (C:\\Users\\User\\projects\\Backend-prjects\\express-demo\\node_modules\\mongoose\\lib\\query.js:2265:10)\n    at model.Query._findOne (C:\\Users\\User\\projects\\Backend-prjects\\express-demo\\node_modules\\mongoose\\lib\\query.js:2585:8)\n    at model.Query.exec (C:\\Users\\User\\projects\\Backend-prjects\\express-demo\\node_modules\\mongoose\\lib\\query.js:4401:80)\n    at processTicksAndRejections (node:internal/process/task_queues:95:5)\n    at C:\\Users\\User\\projects\\Backend-prjects\\express-demo\\routes\\genres.js:28:19\n    at C:\\Users\\User\\projects\\Backend-prjects\\express-demo\\middleware\\async.js:5:13","stringValue":"\"1\"","value":"1","valueType":"string"}
{"level":"info","message":"Server started on port 3000..."}
{"level":"info","message":"Server started on port 3000..."}
{"level":"info","message":"Server started on port 3000..."}
{"level":"info","message":"Server started on port 3000..."}
{"level":"info","message":"Server started on port 3000..."}
{"level":"info","message":"Server started on port 3000..."}
{"level":"info","message":"Server started on port 3000..."}
{"level":"info","message":"Server started on port 3000..."}
{"level":"info","message":"Server started on port 3000..."}
{"level":"info","message":"Server started on port 3000..."}
{"level":"info","message":"Server started on port 3000..."}
{"level":"info","message":"Server started on port 3000..."}
{"level":"info","message":"Server started on port 3000..."}
{"level":"info","message":"Server started on port 3000..."}
{"level":"info","message":"Server started on port 3000..."}
{"level":"info","message":"Server started on port 3000..."}
{"level":"info","message":"Server started on port 3000..."}
{"level":"info","message":"Server started on port 3000..."}
{"level":"info","message":"Server started on port 3000..."}
{"level":"info","message":"Server started on port 3000..."}
{"level":"info","message":"Server started on port 3000..."}
{"level":"info","message":"Server started on port 3000..."}
{"level":"info","message":"Server started on port 3000..."}
{"level":"info","message":"Server started on port 3000..."}
{"level":"info","message":"Server started on port 3000..."}
{"level":"info","message":"Server started on port 3000..."}
{"level":"info","message":"Server started on port 3000..."}
{"level":"info","message":"Server started on port 3000..."}
{"level":"info","message":"Server started on port 3000..."}
{"level":"info","message":"Server started on port 3000..."}
{"level":"info","message":"Server started on port 3000..."}
{"level":"info","message":"Server started on port 3000..."}
{"level":"info","message":"Server started on port 3000..."}
{"level":"info","message":"Server started on port 3000..."}
{"level":"info","message":"Server started on port 3000..."}
{"level":"info","message":"Server started on port 3000..."}
{"level":"info","message":"Server started on port 3000..."}
{"level":"info","message":"Server started on port 3000..."}
{"level":"info","message":"Server started on port 3000..."}
{"level":"info","message":"Server started on port 3000..."}
{"level":"info","message":"Server started on port 3000..."}
{"level":"info","message":"Server started on port 3000..."}
{"level":"info","message":"Server started on port 3000..."}
{"level":"info","message":"Server started on port 3000..."}
{"level":"info","message":"Server started on port 3000..."}
{"level":"info","message":"Server started on port 3000..."}
{"level":"info","message":"Server started on port 3000..."}
{"level":"info","message":"Server started on port 3000..."}
{"level":"info","message":"Server started on port 3000..."}
{"level":"info","message":"Server started on port 3000..."}
{"level":"info","message":"Server started on port 3000..."}
{"level":"info","message":"Server started on port 3000..."}
{"level":"info","message":"Server started on port 3000..."}
{"level":"info","message":"Server started on port 3000..."}
{"level":"info","message":"Server started on port 3000..."}
{"level":"info","message":"Server started on port 3000..."}
{"level":"info","message":"Server started on port 3000..."}
{"level":"info","message":"Server started on port 3000..."}
{"level":"info","message":"Server started on port 3000..."}
{"level":"info","message":"Server started on port 3000..."}
{"level":"info","message":"Server started on port 3000..."}
{"level":"info","message":"Server started on port 3000..."}
{"level":"info","message":"Server started on port 3000..."}
{"level":"info","message":"Server started on port 3000..."}
{"level":"info","message":"Server started on port 3000..."}
{"level":"info","message":"Server started on port 3000..."}
{"level":"info","message":"Server started on port 3000..."}
{"level":"info","message":"Server started on port 3000..."}
{"level":"info","message":"Server started on port 3000..."}
{"level":"info","message":"Server started on port 3000..."}
{"level":"info","message":"Server started on port 3000..."}
{"level":"info","message":"Server started on port 3000..."}
{"level":"info","message":"Server started on port 3000..."}
{"level":"info","message":"Server started on port 3000..."}
{"level":"info","message":"Server started on port 3000..."}
{"level":"info","message":"Server started on port 3000..."}
{"level":"info","message":"Server started on port 3000..."}
{"level":"info","message":"Server started on port 3000..."}
{"level":"info","message":"Server started on port 3000..."}
{"level":"info","message":"Server started on port 3000..."}
{"level":"info","message":"Server started on port 3000..."}
{"level":"info","message":"Server started on port 3000..."}
{"level":"info","message":"Server started on port 3000..."}
{"level":"info","message":"Server started on port 3000..."}
{"level":"info","message":"Server started on port 3000..."}
{"level":"info","message":"Server started on port 3000..."}
{"level":"info","message":"Server started on port 3000..."}
{"level":"info","message":"Server started on port 3000..."}
{"level":"info","message":"Server started on port 3000..."}
{"level":"info","message":"Server started on port 3000..."}
{"level":"info","message":"Server started on port 3000..."}
{"level":"info","message":"Server started on port 3000..."}
{"level":"info","message":"Server started on port 3000..."}
{"level":"info","message":"Server started on port 3000..."}
{"level":"info","message":"Server started on port 3000..."}
{"kind":"ObjectId","level":"error","message":"Cast to ObjectId failed for value \"1\" (type string) at path \"_id\" for model \"Genre\" Cast to ObjectId failed for value \"1\" (type string) at path \"_id\" for model \"Genre\"","path":"_id","reason":{},"stack":"CastError: Cast to ObjectId failed for value \"1\" (type string) at path \"_id\" for model \"Genre\"\n    at SchemaObjectId.Object.<anonymous>.SchemaObjectId.cast (C:\\Users\\User\\projects\\Backend-prjects\\express-demo\\node_modules\\mongoose\\lib\\schema\\objectId.js:250:11)\n    at SchemaObjectId.Object.<anonymous>.SchemaType.applySetters (C:\\Users\\User\\projects\\Backend-prjects\\express-demo\\node_modules\\mongoose\\lib\\schemaType.js:1236:12)\n    at SchemaObjectId.Object.<anonymous>.SchemaType.castForQuery (C:\\Users\\User\\projects\\Backend-prjects\\express-demo\\node_modules\\mongoose\\lib\\schemaType.js:1653:17)\n    at cast (C:\\Users\\User\\projects\\Backend-prjects\\express-demo\\node_modules\\mongoose\\lib\\cast.js:375:32)\n    at model.Query.Object.<anonymous>.Query.cast (C:\\Users\\User\\projects\\Backend-prjects\\express-demo\\node_modules\\mongoose\\lib\\query.js:4857:12)\n    at model.Query.Object.<anonymous>.Query._castConditions (C:\\Users\\User\\projects\\Backend-prjects\\express-demo\\node_modules\\mongoose\\lib\\query.js:2265:10)\n    at model.Query._findOneAndDelete (C:\\Users\\User\\projects\\Backend-prjects\\express-demo\\node_modules\\mongoose\\lib\\query.js:3492:8)\n    at model.Query.exec (C:\\Users\\User\\projects\\Backend-prjects\\express-demo\\node_modules\\mongoose\\lib\\query.js:4401:80)\n    at processTicksAndRejections (node:internal/process/task_queues:95:5)\n    at C:\\Users\\User\\projects\\Backend-prjects\\express-demo\\routes\\genres.js:49:19\n    at C:\\Users\\User\\projects\\Backend-prjects\\express-demo\\middleware\\async.js:5:13","stringValue":"\"1\"","value":"1","valueType":"string"}
{"level":"info","message":"Server started on port 3000..."}
{"level":"info","message":"Server started on port 3000..."}
{"kind":"ObjectId","level":"error","message":"Cast to ObjectId failed for value \"1\" (type string) at path \"_id\" for model \"Genre\" Cast to ObjectId failed for value \"1\" (type string) at path \"_id\" for model \"Genre\"","path":"_id","reason":{},"stack":"CastError: Cast to ObjectId failed for value \"1\" (type string) at path \"_id\" for model \"Genre\"\n    at SchemaObjectId.Object.<anonymous>.SchemaObjectId.cast (C:\\Users\\User\\projects\\Backend-prjects\\express-demo\\node_modules\\mongoose\\lib\\schema\\objectId.js:250:11)\n    at SchemaObjectId.Object.<anonymous>.SchemaType.applySetters (C:\\Users\\User\\projects\\Backend-prjects\\express-demo\\node_modules\\mongoose\\lib\\schemaType.js:1236:12)\n    at SchemaObjectId.Object.<anonymous>.SchemaType.castForQuery (C:\\Users\\User\\projects\\Backend-prjects\\express-demo\\node_modules\\mongoose\\lib\\schemaType.js:1653:17)\n    at cast (C:\\Users\\User\\projects\\Backend-prjects\\express-demo\\node_modules\\mongoose\\lib\\cast.js:375:32)\n    at model.Query.Object.<anonymous>.Query.cast (C:\\Users\\User\\projects\\Backend-prjects\\express-demo\\node_modules\\mongoose\\lib\\query.js:4857:12)\n    at model.Query.Object.<anonymous>.Query._castConditions (C:\\Users\\User\\projects\\Backend-prjects\\express-demo\\node_modules\\mongoose\\lib\\query.js:2265:10)\n    at model.Query._findOneAndDelete (C:\\Users\\User\\projects\\Backend-prjects\\express-demo\\node_modules\\mongoose\\lib\\query.js:3492:8)\n    at model.Query.exec (C:\\Users\\User\\projects\\Backend-prjects\\express-demo\\node_modules\\mongoose\\lib\\query.js:4401:80)\n    at processTicksAndRejections (node:internal/process/task_queues:95:5)\n    at C:\\Users\\User\\projects\\Backend-prjects\\express-demo\\routes\\genres.js:49:19\n    at C:\\Users\\User\\projects\\Backend-prjects\\express-demo\\middleware\\async.js:5:13","stringValue":"\"1\"","value":"1","valueType":"string"}
{"level":"info","message":"Server started on port 3000..."}
{"level":"info","message":"Server started on port 3000..."}
{"level":"info","message":"Server started on port 3000..."}
{"level":"info","message":"Server started on port 3000..."}
{"level":"info","message":"Server started on port 3000..."}
{"level":"info","message":"Server started on port 3000..."}
{"level":"info","message":"Server started on port 3000..."}
{"level":"info","message":"Server started on port 3000..."}
{"level":"info","message":"Server started on port 3000..."}
{"level":"info","message":"Server started on port 3000..."}
{"level":"info","message":"Server started on port 3000..."}
{"level":"info","message":"Server started on port 3000..."}
{"level":"info","message":"Server started on port 3000..."}
{"level":"info","message":"Server started on port 3000..."}
{"level":"info","message":"Server started on port 3000..."}
{"level":"info","message":"Server started on port 3000..."}
{"level":"info","message":"Server started on port 3000..."}
{"level":"info","message":"Server started on port 3000..."}
{"level":"info","message":"Server started on port 3000..."}
{"level":"info","message":"Server started on port 3000..."}
{"level":"info","message":"Server started on port 3000..."}
{"level":"info","message":"Server started on port 3000..."}
{"level":"info","message":"Server started on port 3000..."}
{"level":"info","message":"Server started on port 3000..."}
{"level":"info","message":"Server started on port 3000..."}
{"level":"info","message":"Server started on port 3000..."}
{"level":"info","message":"Server started on port 3000..."}
{"level":"info","message":"Server started on port 3000..."}
{"level":"info","message":"Server started on port 3000..."}
{"level":"info","message":"Server started on port 3000..."}
{"level":"info","message":"Server started on port 3000..."}
{"level":"info","message":"Server started on port 3000..."}
{"level":"info","message":"Server started on port 3000..."}
{"level":"info","message":"Server started on port 3000..."}
{"level":"info","message":"Server started on port 3000..."}
{"level":"info","message":"Server started on port 3000..."}
{"level":"info","message":"Server started on port 3000..."}
{"level":"info","message":"Server started on port 3000..."}
{"level":"info","message":"Server started on port 3000..."}
{"level":"info","message":"Server started on port 3000..."}
{"level":"info","message":"Server started on port 3000..."}
{"level":"info","message":"Server started on port 3000..."}
{"level":"info","message":"Server started on port 3000..."}
{"level":"info","message":"Server started on port 3000..."}
{"level":"info","message":"Server started on port 3000..."}
{"level":"info","message":"Server started on port 3000..."}
{"level":"info","message":"Server started on port 3000..."}
{"level":"info","message":"Server started on port 3000..."}
{"level":"info","message":"Server started on port 3000..."}
{"level":"info","message":"Server started on port 3000..."}
{"level":"info","message":"Server started on port 3000..."}
{"level":"info","message":"Server started on port 3000..."}
{"level":"info","message":"Server started on port 3000..."}
{"level":"info","message":"Server started on port 3000..."}
{"level":"info","message":"Server started on port 3000..."}
{"level":"info","message":"Server started on port 3000..."}
{"level":"info","message":"Server started on port 3000..."}
{"level":"info","message":"Server started on port 3000..."}
{"level":"info","message":"Server started on port 3000..."}
{"level":"info","message":"Server started on port 3000..."}
{"level":"info","message":"Server started on port 3000..."}
{"level":"info","message":"Server started on port 3000..."}
{"level":"info","message":"Server started on port 3000..."}
{"level":"info","message":"Server started on port 3000..."}
{"level":"info","message":"Server started on port 3000..."}
{"level":"info","message":"Server started on port 3000..."}
{"level":"info","message":"Server started on port 3000..."}
{"level":"info","message":"Server started on port 3000..."}
{"level":"info","message":"Server started on port 3000..."}
{"level":"info","message":"Server started on port 3000..."}
{"level":"info","message":"Server started on port 3000..."}
{"level":"info","message":"Server started on port 3000..."}
{"level":"info","message":"Server started on port 3000..."}
{"level":"info","message":"Server started on port 3000..."}
{"level":"info","message":"Server started on port 3000..."}
{"level":"info","message":"Server started on port 3000..."}
{"level":"info","message":"Server started on port 3000..."}
{"level":"info","message":"Server started on port 3000..."}
{"level":"info","message":"Server started on port 3000..."}
{"level":"info","message":"Server started on port 3000..."}
{"level":"info","message":"Server started on port 3000..."}
{"level":"info","message":"Server started on port 3000..."}
{"level":"info","message":"Server started on port 3000..."}
{"level":"info","message":"Server started on port 3000..."}
{"level":"info","message":"Server started on port 3000..."}
{"level":"info","message":"Server started on port 3000..."}
{"level":"info","message":"Server started on port 3000..."}
{"level":"info","message":"Server started on port 3000..."}
{"level":"info","message":"Server started on port 3000..."}
{"level":"info","message":"Server started on port 3000..."}
{"level":"info","message":"Server started on port 3000..."}
{"level":"info","message":"Server started on port 3000..."}
{"level":"info","message":"Server started on port 3000..."}
{"level":"info","message":"Server started on port 3000..."}
{"level":"info","message":"Server started on port 3000..."}
{"level":"info","message":"Server started on port 3000..."}
{"level":"info","message":"Server started on port 3000..."}
{"level":"info","message":"Server started on port 3000..."}
{"level":"info","message":"Server started on port 3000..."}
{"level":"info","message":"Server started on port 3000..."}
{"level":"info","message":"Server started on port 3000..."}
{"level":"info","message":"Server started on port 3000..."}
{"level":"info","message":"Server started on port 3000..."}
{"level":"info","message":"Server started on port 3000..."}
{"level":"info","message":"Server started on port 3000..."}
{"level":"info","message":"Server started on port 3000..."}
{"level":"info","message":"Server started on port 3000..."}
{"level":"info","message":"Server started on port 3000..."}
{"level":"info","message":"Server started on port 3000..."}
{"level":"info","message":"Server started on port 3000..."}
{"level":"info","message":"Server started on port 3000..."}
{"level":"info","message":"Server started on port 3000..."}
{"level":"info","message":"Server started on port 3000..."}
{"level":"info","message":"Server started on port 3000..."}
{"level":"info","message":"Server started on port 3000..."}
{"level":"info","message":"Server started on port 3000..."}
{"level":"info","message":"Server started on port 3000..."}
{"level":"info","message":"Server started on port 3000..."}
{"level":"info","message":"Server started on port 3000..."}
{"level":"info","message":"Server started on port 3000..."}
{"level":"info","message":"Server started on port 3000..."}
{"level":"info","message":"Server started on port 3000..."}
{"level":"info","message":"Server started on port 3000..."}
{"level":"info","message":"Server started on port 3000..."}
{"level":"info","message":"Server started on port 3000..."}
{"level":"info","message":"Server started on port 3000..."}
{"level":"error","message":"Data is not defined Data is not defined","stack":"ReferenceError: Data is not defined\n    at Data (C:\\Users\\User\\projects\\Backend-prjects\\express-demo\\routes\\returns.js:20:31)\n    at processTicksAndRejections (node:internal/process/task_queues:95:5)\n    at C:\\Users\\User\\projects\\Backend-prjects\\express-demo\\middleware\\async.js:5:13"}
{"level":"error","message":"Data is not defined Data is not defined","stack":"ReferenceError: Data is not defined\n    at Data (C:\\Users\\User\\projects\\Backend-prjects\\express-demo\\routes\\returns.js:20:31)\n    at processTicksAndRejections (node:internal/process/task_queues:95:5)\n    at C:\\Users\\User\\projects\\Backend-prjects\\express-demo\\middleware\\async.js:5:13"}
{"level":"info","message":"Server started on port 3000..."}
{"level":"info","message":"Server started on port 3000..."}
{"level":"info","message":"Server started on port 3000..."}
{"level":"info","message":"Server started on port 3000..."}
{"level":"info","message":"Server started on port 3000..."}
{"level":"info","message":"Server started on port 3000..."}
{"level":"info","message":"Server started on port 3000..."}
{"level":"info","message":"Server started on port 3000..."}
{"level":"info","message":"Server started on port 3000..."}
{"level":"info","message":"Server started on port 3000..."}
{"level":"info","message":"Server started on port 3000..."}
{"level":"info","message":"Server started on port 3000..."}
{"level":"info","message":"Server started on port 3000..."}
{"level":"info","message":"Server started on port 3000..."}
{"level":"info","message":"Server started on port 3000..."}
{"level":"info","message":"Server started on port 3000..."}
{"level":"info","message":"Server started on port 3000..."}
{"level":"info","message":"Server started on port 3000..."}
{"level":"info","message":"Server started on port 3000..."}
{"level":"info","message":"Server started on port 3000..."}
{"level":"info","message":"Server started on port 3000..."}
{"level":"info","message":"Server started on port 3000..."}
{"level":"info","message":"Server started on port 3000..."}
{"level":"info","message":"Server started on port 3000..."}
{"level":"info","message":"Server started on port 3000..."}
{"level":"info","message":"Server started on port 3000..."}
{"level":"info","message":"Server started on port 3000..."}
{"level":"info","message":"Server started on port 3000..."}
{"level":"info","message":"Server started on port 3000..."}
{"level":"info","message":"Server started on port 3000..."}
{"level":"info","message":"Server started on port 3000..."}
{"level":"info","message":"Server started on port 3000..."}
{"level":"info","message":"Server started on port 3000..."}
{"level":"info","message":"Server started on port 3000..."}
{"level":"info","message":"Server started on port 3000..."}
{"level":"info","message":"Server started on port 3000..."}
{"level":"info","message":"Server started on port 3000..."}
{"level":"info","message":"Server started on port 3000..."}
{"level":"info","message":"Server started on port 3000..."}
{"level":"info","message":"Server started on port 3000..."}
{"level":"info","message":"Server started on port 3000..."}
{"level":"info","message":"Server started on port 3000..."}
{"level":"info","message":"Server started on port 3000..."}
{"level":"info","message":"Server started on port 3000..."}
{"level":"info","message":"Server started on port 3000..."}
{"level":"info","message":"Server started on port 3000..."}
{"level":"info","message":"Server started on port 3000..."}
{"level":"info","message":"Server started on port 3000..."}
{"level":"info","message":"Server started on port 3000..."}
{"level":"info","message":"Server started on port 3000..."}
{"level":"info","message":"Server started on port 3000..."}
{"level":"info","message":"Server started on port 3000..."}
{"level":"info","message":"Server started on port 3000..."}
{"level":"info","message":"Server started on port 3000..."}
{"level":"info","message":"Server started on port 3000..."}
{"level":"info","message":"Server started on port 3000..."}
{"level":"info","message":"Server started on port 3000..."}
{"level":"info","message":"Server started on port 3000..."}
{"level":"info","message":"Server started on port 3000..."}
{"level":"info","message":"Server started on port 3000..."}
{"level":"info","message":"Server started on port 3000..."}
{"level":"info","message":"Server started on port 3000..."}
{"level":"info","message":"Server started on port 3000..."}
{"level":"info","message":"Server started on port 3000..."}
{"level":"info","message":"Server started on port 3000..."}
